[debug] [2022-02-17T21:40:02.582Z] ----------------------------------------------------------------------
[debug] [2022-02-17T21:40:02.586Z] Command:       /usr/local/bin/node /home/qbs1864/.npm-global/bin/firebase remoteconfig:versions:list
[debug] [2022-02-17T21:40:02.587Z] CLI Version:   10.2.0
[debug] [2022-02-17T21:40:02.587Z] Platform:      linux
[debug] [2022-02-17T21:40:02.587Z] Node Version:  v12.13.0
[debug] [2022-02-17T21:40:02.587Z] Time:          Thu Feb 17 2022 16:40:02 GMT-0500 (Eastern Standard Time)
[debug] [2022-02-17T21:40:02.587Z] ----------------------------------------------------------------------
[debug] 
[debug] [2022-02-17T21:40:02.667Z] > command requires scopes: ["email","openid","https://www.googleapis.com/auth/cloudplatformprojects.readonly","https://www.googleapis.com/auth/firebase","https://www.googleapis.com/auth/cloud-platform"]
[debug] [2022-02-17T21:40:02.667Z] > authorizing via signed-in user (qbs1864@gmail.com)
[debug] [2022-02-17T21:40:02.669Z] > command requires scopes: ["email","openid","https://www.googleapis.com/auth/cloudplatformprojects.readonly","https://www.googleapis.com/auth/firebase","https://www.googleapis.com/auth/cloud-platform"]
[debug] [2022-02-17T21:40:02.669Z] > authorizing via signed-in user (qbs1864@gmail.com)
[debug] [2022-02-17T21:40:02.670Z] [iam] checking project ghost-f8b34 for permissions ["cloudconfig.configs.get","firebase.projects.get"]
[debug] [2022-02-17T21:40:02.674Z] >>> [apiv2][query] POST https://cloudresourcemanager.googleapis.com/v1/projects/ghost-f8b34:testIamPermissions [none]
[debug] [2022-02-17T21:40:02.674Z] >>> [apiv2][body] POST https://cloudresourcemanager.googleapis.com/v1/projects/ghost-f8b34:testIamPermissions {"permissions":["cloudconfig.configs.get","firebase.projects.get"]}
[debug] [2022-02-17T21:40:02.882Z] <<< [apiv2][status] POST https://cloudresourcemanager.googleapis.com/v1/projects/ghost-f8b34:testIamPermissions 200
[debug] [2022-02-17T21:40:02.883Z] <<< [apiv2][body] POST https://cloudresourcemanager.googleapis.com/v1/projects/ghost-f8b34:testIamPermissions {"permissions":["cloudconfig.configs.get","firebase.projects.get"]}
[debug] [2022-02-17T21:40:02.885Z] >>> [apiv2][query] GET https://firebaseremoteconfig.googleapis.com/v1/projects/ghost-f8b34/remoteConfig:listVersions pageSize=10
[debug] [2022-02-17T21:40:03.228Z] <<< [apiv2][status] GET https://firebaseremoteconfig.googleapis.com/v1/projects/ghost-f8b34/remoteConfig:listVersions 200
[debug] [2022-02-17T21:40:03.228Z] <<< [apiv2][body] GET https://firebaseremoteconfig.googleapis.com/v1/projects/ghost-f8b34/remoteConfig:listVersions {}
[debug] [2022-02-17T21:40:03.290Z] TypeError: Cannot read property 'length' of undefined
    at Command.actionFn (/home/qbs1864/.npm-global/lib/node_modules/firebase-tools/lib/commands/remoteconfig-versions-list.js:28:53)
    at processTicksAndRejections (internal/process/task_queues.js:93:5)
[error] 
[error] Error: An unexpected error has occurred.
